[03:25:23] [ServerMain/INFO]: [bootstrap] Running Java 21 (OpenJDK 64-Bit Server VM 21.0.8+9-Ubuntu-0ubuntu124.04.1; Ubuntu null) on Linux 6.8.0-1030-azure (amd64)
[03:25:23] [ServerMain/INFO]: [bootstrap] Loading Paper 1.21-130-master@b1b5d4c (2024-08-10T10:02:42Z) for Minecraft 1.21
[03:25:23] [ServerMain/INFO]: [PluginInitializerManager] Initializing plugins...
[03:25:23] [ServerMain/INFO]: [PluginInitializerManager] Initialized 0 plugins
[03:25:23] [Paper Plugin Remapper Thread - 1/INFO]: [ReobfServer] Remapping server...
[03:25:29] [ServerMain/INFO]: Environment: Environment[sessionHost=https://sessionserver.mojang.com, servicesHost=https://api.minecraftservices.com, name=PROD]
[03:25:30] [ServerMain/INFO]: Found new data pack file/bukkit, loading it automatically
[03:25:30] [ServerMain/INFO]: Found new data pack paper, loading it automatically
[03:25:31] [ServerMain/INFO]: No existing world data, creating new world
[03:25:32] [Paper Plugin Remapper Thread - 1/INFO]: [ReobfServer] Done remapping server in 8570ms.
[03:25:32] [ServerMain/INFO]: Loaded 1290 recipes
[03:25:32] [ServerMain/INFO]: Loaded 1399 advancements
[03:25:32] [Server thread/INFO]: Starting minecraft server version 1.21
[03:25:32] [Server thread/INFO]: Loading properties
[03:25:32] [Server thread/INFO]: This server is running Paper version 1.21-130-master@b1b5d4c (2024-08-10T10:02:42Z) (Implementing API version 1.21-R0.1-SNAPSHOT)
[03:25:33] [Server thread/INFO]: [spark] This server bundles the spark profiler. For more information please visit https://docs.papermc.io/paper/profiling
[03:25:33] [Server thread/INFO]: Server Ping Player Sample Count: 12
[03:25:33] [Server thread/INFO]: Using 4 threads for Netty based IO
[03:25:34] [Server thread/INFO]: [ChunkTaskScheduler] Chunk system is using 1 I/O threads, 1 worker threads, and population gen parallelism of 1 threads
[03:25:34] [Server thread/INFO]: Default game type: SURVIVAL
[03:25:34] [Server thread/INFO]: Generating keypair
[03:25:34] [Server thread/INFO]: Starting Minecraft server on *:25565
[03:25:34] [Server thread/INFO]: Using epoll channel type
[03:25:34] [Server thread/INFO]: Paper: Using libdeflate (Linux x86_64) compression from Velocity.
[03:25:34] [Server thread/INFO]: Paper: Using OpenSSL 3.0.x (Linux x86_64) cipher from Velocity.
[03:25:34] [Server thread/WARN]: **** SERVER IS RUNNING IN OFFLINE/INSECURE MODE!
[03:25:34] [Server thread/WARN]: The server will make no attempt to authenticate usernames. Beware.
[03:25:34] [Server thread/WARN]: While this makes the game possible to play without internet access, it also opens up the ability for hackers to connect with any username they choose.
[03:25:34] [Server thread/WARN]: To change this, set "online-mode" to "true" in the server.properties file.
[03:25:34] [Server thread/INFO]: Preparing level "world"
[03:25:46] [Server thread/INFO]: Preparing start region for dimension minecraft:overworld
[03:25:52] [Server thread/INFO]: Time elapsed: 6066 ms
[03:25:52] [Server thread/INFO]: Preparing start region for dimension minecraft:the_nether
[03:25:54] [Server thread/INFO]: Time elapsed: 2013 ms
[03:25:54] [Server thread/INFO]: Preparing start region for dimension minecraft:the_end
[03:25:54] [Server thread/INFO]: Time elapsed: 602 ms
[03:25:54] [Server thread/INFO]: [spark] Starting background profiler...
[03:25:55] [Server thread/INFO]: Done preparing level "world" (20.499s)
[03:25:55] [Server thread/INFO]: Running delayed init tasks
[03:25:55] [Server thread/INFO]: Done (33.097s)! For help, type "help"
[03:25:55] [Server thread/INFO]: *************************************************************************************
[03:25:55] [Server thread/INFO]: This is the first time you're starting this server.
[03:25:55] [Server thread/INFO]: It's recommended you read our 'Getting Started' documentation for guidance.
[03:25:55] [Server thread/INFO]: View this and more helpful information here: https://docs.papermc.io/paper/next-steps
[03:25:55] [Server thread/INFO]: *************************************************************************************
[03:25:55] [Server thread/INFO]: Timings Reset
[03:25:55] [Server thread/INFO]: Unknown or incomplete command, see below for error
/home/codespace/.python/current/bin/python /workspaces/Boltmc/msx.py<--[HERE]
[03:26:02] [Server thread/INFO]: Made AL5PT a server operator
[03:26:08] [User Authenticator #0/INFO]: UUID of player AL5PT is 3678aaa4-193c-3005-aadb-5e617b75fe27
[03:26:11] [Server thread/INFO]: AL5PT joined the game
[03:26:11] [Server thread/INFO]: AL5PT[/127.242.235.16:39465] logged in with entity id 46 at ([world]-4.5, 84.0, -6.5)
[03:26:23] [Server thread/INFO]: AL5PT issued server command: /gamemode creative
[03:26:23] [Server thread/INFO]: [AL5PT: Set own game mode to Creative Mode]
